output_info: /home/gw/GIT/github/fungen-xqtl-analysis/analysis/Wang_Columbia/ROSMAP/MWE/output/genotype_by_region/protocol_example.protein.enhanced_cis_chr21_chr22_genotype_by_region/protocol_example.genotype.chr21_22.genotype_by_region_files.txt
output_size: 7.0K
output_rows: 29
output_column: 2
output_preview:
#id	#path
ENSG00000154654_O15394	/home/gw/GIT/github/fungen-xqtl-analysis/analysis/Wang_Columbia/ROSMAP/MWE/output/genotype_by_region/protocol_example.protein.enhanced_cis_chr21_chr22_genotype_by_region/protocol_example.genotype.chr21_22.ENSG00000154654_O15394.bed
ENSG00000142192_P05067	/home/gw/GIT/github/fungen-xqtl-analysis/analysis/Wang_Columbia/ROSMAP/MWE/output/genotype_by_region/protocol_example.protein.enhanced_cis_chr21_chr22_genotype_by_region/protocol_example.genotype.chr21_22.ENSG00000142192_P05067.bed
ENSG00000156261_P50990	/home/gw/GIT/github/fungen-xqtl-analysis/analysis/Wang_Columbia/ROSMAP/MWE/output/genotype_by_region/protocol_example.protein.enhanced_cis_chr21_chr22_genotype_by_region/protocol_example.genotype.chr21_22.ENSG00000156261_P50990.bed
ENSG00000159082_O43426	/home/gw/GIT/github/fungen-xqtl-analysis/analysis/Wang_Columbia/ROSMAP/MWE/output/genotype_by_region/protocol_example.protein.enhanced_cis_chr21_chr22_genotype_by_region/protocol_example.genotype.chr21_22.ENSG00000159082_O43426.bed
ENSG00000159131_P22102	/home/gw/GIT/github/fungen-xqtl-analysis/analysis/Wang_Columbia/ROSMAP/MWE/output/genotype_by_region/protocol_example.protein.enhanced_cis_chr21_chr22_genotype_by_region/protocol_example.genotype.chr21_22.ENSG00000159131_P22102.bed
ENSG00000205726_Q15811	/home/gw/GIT/github/fungen-xqtl-analysis/analysis/Wang_Columbia/ROSMAP/MWE/output/genotype_by_region/protocol_example.protein.enhanced_cis_chr21_chr22_genotype_by_region/protocol_example.genotype.chr21_22.ENSG00000205726_Q15811.bed
ENSG00000141959_P17858	/home/gw/GIT/github/fungen-xqtl-analysis/analysis/Wang_Columbia/ROSMAP/MWE/output/genotype_by_region/protocol_example.protein.enhanced_cis_chr21_chr22_genotype_by_region/protocol_example.genotype.chr21_22.ENSG00000141959_P17858.bed
ENSG00000160209_O00764	/home/gw/GIT/github/fungen-xqtl-analysis/analysis/Wang_Columbia/ROSMAP/MWE/output/genotype_by_region/protocol_example.protein.enhanced_cis_chr21_chr22_genotype_by_region/protocol_example.genotype.chr21_22.ENSG00000160209_O00764.bed
ENSG00000160305_Q14689	/home/gw/GIT/github/fungen-xqtl-analysis/analysis/Wang_Columbia/ROSMAP/MWE/output/genotype_by_region/protocol_example.protein.enhanced_cis_chr21_chr22_genotype_by_region/protocol_example.genotype.chr21_22.ENSG00000160305_Q14689.bed
output_info: /home/gw/GIT/github/fungen-xqtl-analysis/analysis/Wang_Columbia/ROSMAP/MWE/output/protocol_example.protein.enhanced_cis_chr21_chr22_genotype_by_region/protocol_example.genotype.chr21_22.genotype_by_region_files.txt
output_size: 6.5K
output_rows: 29
output_column: 2
output_preview:
#id	#path
ENSG00000154654_O15394	/home/gw/GIT/github/fungen-xqtl-analysis/analysis/Wang_Columbia/ROSMAP/MWE/output/protocol_example.protein.enhanced_cis_chr21_chr22_genotype_by_region/protocol_example.genotype.chr21_22.ENSG00000154654_O15394.bed
ENSG00000142192_P05067	/home/gw/GIT/github/fungen-xqtl-analysis/analysis/Wang_Columbia/ROSMAP/MWE/output/protocol_example.protein.enhanced_cis_chr21_chr22_genotype_by_region/protocol_example.genotype.chr21_22.ENSG00000142192_P05067.bed
ENSG00000156261_P50990	/home/gw/GIT/github/fungen-xqtl-analysis/analysis/Wang_Columbia/ROSMAP/MWE/output/protocol_example.protein.enhanced_cis_chr21_chr22_genotype_by_region/protocol_example.genotype.chr21_22.ENSG00000156261_P50990.bed
ENSG00000159082_O43426	/home/gw/GIT/github/fungen-xqtl-analysis/analysis/Wang_Columbia/ROSMAP/MWE/output/protocol_example.protein.enhanced_cis_chr21_chr22_genotype_by_region/protocol_example.genotype.chr21_22.ENSG00000159082_O43426.bed
ENSG00000159131_P22102	/home/gw/GIT/github/fungen-xqtl-analysis/analysis/Wang_Columbia/ROSMAP/MWE/output/protocol_example.protein.enhanced_cis_chr21_chr22_genotype_by_region/protocol_example.genotype.chr21_22.ENSG00000159131_P22102.bed
ENSG00000205726_Q15811	/home/gw/GIT/github/fungen-xqtl-analysis/analysis/Wang_Columbia/ROSMAP/MWE/output/protocol_example.protein.enhanced_cis_chr21_chr22_genotype_by_region/protocol_example.genotype.chr21_22.ENSG00000205726_Q15811.bed
ENSG00000141959_P17858	/home/gw/GIT/github/fungen-xqtl-analysis/analysis/Wang_Columbia/ROSMAP/MWE/output/protocol_example.protein.enhanced_cis_chr21_chr22_genotype_by_region/protocol_example.genotype.chr21_22.ENSG00000141959_P17858.bed
ENSG00000160209_O00764	/home/gw/GIT/github/fungen-xqtl-analysis/analysis/Wang_Columbia/ROSMAP/MWE/output/protocol_example.protein.enhanced_cis_chr21_chr22_genotype_by_region/protocol_example.genotype.chr21_22.ENSG00000160209_O00764.bed
ENSG00000160305_Q14689	/home/gw/GIT/github/fungen-xqtl-analysis/analysis/Wang_Columbia/ROSMAP/MWE/output/protocol_example.protein.enhanced_cis_chr21_chr22_genotype_by_region/protocol_example.genotype.chr21_22.ENSG00000160305_Q14689.bed
