PLINK v2.00a3.7LM 64-bit Intel (24 Oct 2022)
Options in effect:
  --allow-no-sex
  --bfile /home/gw/GIT/github/fungen-xqtl-analysis/analysis/Wang_Columbia/ROSMAP/MWE/protocol_example/protocol_example.genotype.chr21_22
  --chr chr21
  --from-bp 17920000
  --make-bed
  --out /home/gw/GIT/github/fungen-xqtl-analysis/analysis/Wang_Columbia/ROSMAP/MWE/output/protocol_example.protein.enhanced_cis_chr21_chr22_genotype_by_region/protocol_example.genotype.chr21_22.ENSG00000154654_O15394
  --output-chr chrMT
  --to-bp 23800000

Hostname: cordata
Working directory: /home/gw/GIT/github/fungen-xqtl-analysis/analysis/Wang_Columbia/ROSMAP/MWE
Start time: Fri Sep 15 01:50:50 2023

Note: --allow-no-sex no longer has any effect.  (Missing-sex samples are
automatically excluded from association analysis when sex is a covariate, and
treated normally otherwise.)
Random number seed: 1694757050
128802 MiB RAM detected; reserving 64401 MiB for main workspace.
Using up to 40 threads (change this with --threads).
1153 samples (0 females, 0 males, 1153 ambiguous; 1153 founders) loaded from
/home/gw/GIT/github/fungen-xqtl-analysis/analysis/Wang_Columbia/ROSMAP/MWE/protocol_example/protocol_example.genotype.chr21_22.fam.
1324895 out of 2760051 variants loaded from
/home/gw/GIT/github/fungen-xqtl-analysis/analysis/Wang_Columbia/ROSMAP/MWE/protocol_example/protocol_example.genotype.chr21_22.bim.
Note: No phenotype data present.
225121 variants remaining after main filters.
Writing
/home/gw/GIT/github/fungen-xqtl-analysis/analysis/Wang_Columbia/ROSMAP/MWE/output/protocol_example.protein.enhanced_cis_chr21_chr22_genotype_by_region/protocol_example.genotype.chr21_22.ENSG00000154654_O15394.fam
... done.
Writing
/home/gw/GIT/github/fungen-xqtl-analysis/analysis/Wang_Columbia/ROSMAP/MWE/output/protocol_example.protein.enhanced_cis_chr21_chr22_genotype_by_region/protocol_example.genotype.chr21_22.ENSG00000154654_O15394.bim
... done.
Writing
/home/gw/GIT/github/fungen-xqtl-analysis/analysis/Wang_Columbia/ROSMAP/MWE/output/protocol_example.protein.enhanced_cis_chr21_chr22_genotype_by_region/protocol_example.genotype.chr21_22.ENSG00000154654_O15394.bed
... done.

End time: Fri Sep 15 01:50:51 2023
