
Attaching package: ‘dplyr’

The following objects are masked from ‘package:stats’:

    filter, lag

The following objects are masked from ‘package:base’:

    intersect, setdiff, setequal, union

Rows: 925 Columns: 600
── Column specification ────────────────────────────────────────────────────────
Delimiter: "\t"
chr   (2): #chr, ID
dbl (598): start, end, sample_1, sample_2, sample_3, sample_4, sample_5, sam...

ℹ Use `spec()` to retrieve the full column specification for this data.
ℹ Specify the column types or set `show_col_types = FALSE` to quiet this message.
Rows: 18 Columns: 420
── Column specification ────────────────────────────────────────────────────────
Delimiter: "\t"
chr   (1): #id
dbl (419): sample_384, sample_339, sample_86, sample_53, sample_393, sample_...

ℹ Use `spec()` to retrieve the full column specification for this data.
ℹ Specify the column types or set `show_col_types = FALSE` to quiet this message.
Error in .lm.fit(x = cbind(1, covariate), y = pheno) : NA/NaN/Inf in 'y'
Execution halted

Attaching package: ‘dplyr’

The following objects are masked from ‘package:stats’:

    filter, lag

The following objects are masked from ‘package:base’:

    intersect, setdiff, setequal, union

Parsed with column specification:
cols(
  .default = col_double(),
  `#chr` = col_character(),
  ID = col_character()
)
See spec(...) for full column specifications.
Parsed with column specification:
cols(
  .default = col_double(),
  `#id` = col_character()
)
See spec(...) for full column specifications.
Error in .lm.fit(x = cbind(1, covariate), y = pheno) : NA/NaN/Inf in 'y'
Execution halted

Attaching package: ‘dplyr’

The following objects are masked from ‘package:stats’:

    filter, lag

The following objects are masked from ‘package:base’:

    intersect, setdiff, setequal, union

Rows: 925 Columns: 600
── Column specification ────────────────────────────────────────────────────────
Delimiter: "\t"
chr   (2): #chr, ID
dbl (598): start, end, sample_1, sample_2, sample_3, sample_4, sample_5, sam...

ℹ Use `spec()` to retrieve the full column specification for this data.
ℹ Specify the column types or set `show_col_types = FALSE` to quiet this message.
Rows: 18 Columns: 420
── Column specification ────────────────────────────────────────────────────────
Delimiter: "\t"
chr   (1): #id
dbl (419): sample_384, sample_339, sample_86, sample_53, sample_393, sample_...

ℹ Use `spec()` to retrieve the full column specification for this data.
ℹ Specify the column types or set `show_col_types = FALSE` to quiet this message.
