[1] "596 samples are in the phenotype file"
[1] "419 samples are in the covariate file"
[1] "419 samples overlap between phenotype & covariate files and are included in the analysis:"
  [1] "sample_1"   "sample_2"   "sample_4"   "sample_5"   "sample_7"  
  [6] "sample_8"   "sample_9"   "sample_13"  "sample_14"  "sample_15" 
 [11] "sample_18"  "sample_20"  "sample_22"  "sample_23"  "sample_24" 
 [16] "sample_31"  "sample_32"  "sample_33"  "sample_34"  "sample_37" 
 [21] "sample_38"  "sample_39"  "sample_41"  "sample_42"  "sample_43" 
 [26] "sample_44"  "sample_45"  "sample_46"  "sample_47"  "sample_49" 
 [31] "sample_50"  "sample_52"  "sample_53"  "sample_54"  "sample_56" 
 [36] "sample_57"  "sample_58"  "sample_59"  "sample_60"  "sample_61" 
 [41] "sample_62"  "sample_70"  "sample_71"  "sample_72"  "sample_73" 
 [46] "sample_80"  "sample_81"  "sample_82"  "sample_83"  "sample_84" 
 [51] "sample_85"  "sample_86"  "sample_87"  "sample_88"  "sample_89" 
 [56] "sample_91"  "sample_93"  "sample_95"  "sample_96"  "sample_97" 
 [61] "sample_99"  "sample_100" "sample_102" "sample_104" "sample_105"
 [66] "sample_107" "sample_108" "sample_109" "sample_110" "sample_111"
 [71] "sample_112" "sample_113" "sample_114" "sample_115" "sample_116"
 [76] "sample_117" "sample_119" "sample_120" "sample_121" "sample_122"
 [81] "sample_123" "sample_124" "sample_125" "sample_126" "sample_127"
 [86] "sample_128" "sample_129" "sample_130" "sample_133" "sample_134"
 [91] "sample_135" "sample_136" "sample_137" "sample_139" "sample_140"
 [96] "sample_141" "sample_142" "sample_143" "sample_144" "sample_146"
[101] "sample_147" "sample_148" "sample_150" "sample_151" "sample_153"
[106] "sample_154" "sample_156" "sample_157" "sample_158" "sample_159"
[111] "sample_160" "sample_161" "sample_162" "sample_163" "sample_164"
[116] "sample_165" "sample_166" "sample_167" "sample_169" "sample_170"
[121] "sample_171" "sample_172" "sample_174" "sample_175" "sample_176"
[126] "sample_177" "sample_178" "sample_179" "sample_181" "sample_184"
[131] "sample_187" "sample_188" "sample_189" "sample_190" "sample_191"
[136] "sample_192" "sample_193" "sample_194" "sample_195" "sample_196"
[141] "sample_198" "sample_199" "sample_200" "sample_201" "sample_202"
[146] "sample_203" "sample_206" "sample_207" "sample_208" "sample_210"
[151] "sample_211" "sample_212" "sample_213" "sample_214" "sample_215"
[156] "sample_216" "sample_217" "sample_219" "sample_220" "sample_221"
[161] "sample_222" "sample_223" "sample_225" "sample_226" "sample_227"
[166] "sample_228" "sample_231" "sample_232" "sample_236" "sample_237"
[171] "sample_238" "sample_240" "sample_241" "sample_243" "sample_245"
[176] "sample_246" "sample_247" "sample_249" "sample_251" "sample_252"
[181] "sample_253" "sample_254" "sample_256" "sample_258" "sample_259"
[186] "sample_260" "sample_262" "sample_263" "sample_264" "sample_265"
[191] "sample_266" "sample_267" "sample_268" "sample_270" "sample_271"
[196] "sample_272" "sample_273" "sample_274" "sample_277" "sample_278"
[201] "sample_280" "sample_281" "sample_283" "sample_284" "sample_287"
[206] "sample_288" "sample_289" "sample_290" "sample_292" "sample_293"
[211] "sample_294" "sample_295" "sample_296" "sample_297" "sample_299"
[216] "sample_301" "sample_302" "sample_303" "sample_304" "sample_305"
[221] "sample_306" "sample_308" "sample_309" "sample_311" "sample_312"
[226] "sample_313" "sample_315" "sample_318" "sample_320" "sample_324"
[231] "sample_327" "sample_328" "sample_329" "sample_330" "sample_331"
[236] "sample_332" "sample_333" "sample_334" "sample_335" "sample_336"
[241] "sample_338" "sample_339" "sample_340" "sample_342" "sample_343"
[246] "sample_344" "sample_345" "sample_346" "sample_347" "sample_348"
[251] "sample_350" "sample_351" "sample_352" "sample_353" "sample_356"
[256] "sample_357" "sample_359" "sample_360" "sample_361" "sample_363"
[261] "sample_364" "sample_365" "sample_366" "sample_369" "sample_371"
[266] "sample_372" "sample_373" "sample_374" "sample_375" "sample_378"
[271] "sample_379" "sample_380" "sample_381" "sample_382" "sample_384"
[276] "sample_386" "sample_388" "sample_389" "sample_390" "sample_391"
[281] "sample_393" "sample_394" "sample_395" "sample_398" "sample_401"
[286] "sample_402" "sample_405" "sample_406" "sample_407" "sample_408"
[291] "sample_409" "sample_411" "sample_412" "sample_414" "sample_416"
[296] "sample_417" "sample_418" "sample_420" "sample_421" "sample_423"
[301] "sample_424" "sample_425" "sample_426" "sample_427" "sample_429"
[306] "sample_431" "sample_432" "sample_433" "sample_436" "sample_438"
[311] "sample_440" "sample_441" "sample_442" "sample_443" "sample_445"
[316] "sample_446" "sample_447" "sample_448" "sample_450" "sample_451"
[321] "sample_452" "sample_453" "sample_454" "sample_455" "sample_457"
[326] "sample_458" "sample_459" "sample_460" "sample_461" "sample_463"
[331] "sample_464" "sample_465" "sample_470" "sample_471" "sample_472"
[336] "sample_474" "sample_475" "sample_477" "sample_478" "sample_479"
[341] "sample_481" "sample_482" "sample_483" "sample_484" "sample_486"
[346] "sample_488" "sample_489" "sample_490" "sample_491" "sample_492"
[351] "sample_493" "sample_494" "sample_495" "sample_498" "sample_499"
[356] "sample_501" "sample_502" "sample_504" "sample_505" "sample_507"
[361] "sample_509" "sample_510" "sample_512" "sample_513" "sample_515"
[366] "sample_516" "sample_517" "sample_518" "sample_519" "sample_520"
[371] "sample_521" "sample_522" "sample_524" "sample_525" "sample_526"
[376] "sample_527" "sample_528" "sample_534" "sample_536" "sample_537"
[381] "sample_541" "sample_542" "sample_543" "sample_544" "sample_545"
[386] "sample_546" "sample_547" "sample_548" "sample_551" "sample_552"
[391] "sample_553" "sample_554" "sample_555" "sample_556" "sample_559"
[396] "sample_560" "sample_561" "sample_566" "sample_567" "sample_569"
[401] "sample_570" "sample_572" "sample_573" "sample_574" "sample_575"
[406] "sample_576" "sample_577" "sample_580" "sample_581" "sample_582"
[411] "sample_584" "sample_586" "sample_587" "sample_588" "sample_589"
[416] "sample_590" "sample_591" "sample_594" "sample_596"
[1] "0 samples in the covariate file are missing from the phenotype file:"
character(0)
[1] "177 samples in the phenotype file are missing from the covariate file:"
  [1] "sample_3"   "sample_6"   "sample_10"  "sample_11"  "sample_12" 
  [6] "sample_16"  "sample_17"  "sample_19"  "sample_21"  "sample_25" 
 [11] "sample_26"  "sample_27"  "sample_28"  "sample_29"  "sample_30" 
 [16] "sample_35"  "sample_36"  "sample_40"  "sample_48"  "sample_51" 
 [21] "sample_55"  "sample_63"  "sample_64"  "sample_65"  "sample_66" 
 [26] "sample_67"  "sample_68"  "sample_69"  "sample_74"  "sample_75" 
 [31] "sample_76"  "sample_77"  "sample_78"  "sample_79"  "sample_90" 
 [36] "sample_92"  "sample_94"  "sample_98"  "sample_101" "sample_103"
 [41] "sample_106" "sample_118" "sample_131" "sample_132" "sample_138"
 [46] "sample_145" "sample_149" "sample_152" "sample_155" "sample_168"
 [51] "sample_173" "sample_180" "sample_182" "sample_183" "sample_185"
 [56] "sample_186" "sample_197" "sample_204" "sample_205" "sample_209"
 [61] "sample_218" "sample_224" "sample_229" "sample_230" "sample_233"
 [66] "sample_234" "sample_235" "sample_239" "sample_242" "sample_244"
 [71] "sample_248" "sample_250" "sample_255" "sample_257" "sample_261"
 [76] "sample_269" "sample_275" "sample_276" "sample_279" "sample_282"
 [81] "sample_285" "sample_286" "sample_291" "sample_298" "sample_300"
 [86] "sample_307" "sample_310" "sample_314" "sample_316" "sample_317"
 [91] "sample_319" "sample_321" "sample_322" "sample_323" "sample_325"
 [96] "sample_326" "sample_337" "sample_341" "sample_349" "sample_354"
[101] "sample_355" "sample_358" "sample_362" "sample_367" "sample_368"
[106] "sample_370" "sample_376" "sample_377" "sample_383" "sample_385"
[111] "sample_387" "sample_392" "sample_396" "sample_397" "sample_399"
[116] "sample_400" "sample_403" "sample_404" "sample_410" "sample_413"
[121] "sample_415" "sample_419" "sample_422" "sample_428" "sample_430"
[126] "sample_434" "sample_435" "sample_437" "sample_439" "sample_444"
[131] "sample_449" "sample_456" "sample_462" "sample_466" "sample_467"
[136] "sample_468" "sample_469" "sample_473" "sample_476" "sample_480"
[141] "sample_485" "sample_487" "sample_496" "sample_497" "sample_500"
[146] "sample_503" "sample_506" "sample_508" "sample_511" "sample_514"
[151] "sample_523" "sample_529" "sample_530" "sample_531" "sample_532"
[156] "sample_533" "sample_535" "sample_538" "sample_539" "sample_540"
[161] "sample_549" "sample_550" "sample_557" "sample_558" "sample_562"
[166] "sample_563" "sample_564" "sample_565" "sample_568" "sample_571"
[171] "sample_578" "sample_579" "sample_583" "sample_585" "sample_592"
[176] "sample_593" "sample_595"
[1] "596 samples are in the phenotype file"
[1] "419 samples are in the covariate file"
[1] "419 samples overlap between phenotype & covariate files and are included in the analysis:"
  [1] "sample_1"   "sample_2"   "sample_4"   "sample_5"   "sample_7"  
  [6] "sample_8"   "sample_9"   "sample_13"  "sample_14"  "sample_15" 
 [11] "sample_18"  "sample_20"  "sample_22"  "sample_23"  "sample_24" 
 [16] "sample_31"  "sample_32"  "sample_33"  "sample_34"  "sample_37" 
 [21] "sample_38"  "sample_39"  "sample_41"  "sample_42"  "sample_43" 
 [26] "sample_44"  "sample_45"  "sample_46"  "sample_47"  "sample_49" 
 [31] "sample_50"  "sample_52"  "sample_53"  "sample_54"  "sample_56" 
 [36] "sample_57"  "sample_58"  "sample_59"  "sample_60"  "sample_61" 
 [41] "sample_62"  "sample_70"  "sample_71"  "sample_72"  "sample_73" 
 [46] "sample_80"  "sample_81"  "sample_82"  "sample_83"  "sample_84" 
 [51] "sample_85"  "sample_86"  "sample_87"  "sample_88"  "sample_89" 
 [56] "sample_91"  "sample_93"  "sample_95"  "sample_96"  "sample_97" 
 [61] "sample_99"  "sample_100" "sample_102" "sample_104" "sample_105"
 [66] "sample_107" "sample_108" "sample_109" "sample_110" "sample_111"
 [71] "sample_112" "sample_113" "sample_114" "sample_115" "sample_116"
 [76] "sample_117" "sample_119" "sample_120" "sample_121" "sample_122"
 [81] "sample_123" "sample_124" "sample_125" "sample_126" "sample_127"
 [86] "sample_128" "sample_129" "sample_130" "sample_133" "sample_134"
 [91] "sample_135" "sample_136" "sample_137" "sample_139" "sample_140"
 [96] "sample_141" "sample_142" "sample_143" "sample_144" "sample_146"
[101] "sample_147" "sample_148" "sample_150" "sample_151" "sample_153"
[106] "sample_154" "sample_156" "sample_157" "sample_158" "sample_159"
[111] "sample_160" "sample_161" "sample_162" "sample_163" "sample_164"
[116] "sample_165" "sample_166" "sample_167" "sample_169" "sample_170"
[121] "sample_171" "sample_172" "sample_174" "sample_175" "sample_176"
[126] "sample_177" "sample_178" "sample_179" "sample_181" "sample_184"
[131] "sample_187" "sample_188" "sample_189" "sample_190" "sample_191"
[136] "sample_192" "sample_193" "sample_194" "sample_195" "sample_196"
[141] "sample_198" "sample_199" "sample_200" "sample_201" "sample_202"
[146] "sample_203" "sample_206" "sample_207" "sample_208" "sample_210"
[151] "sample_211" "sample_212" "sample_213" "sample_214" "sample_215"
[156] "sample_216" "sample_217" "sample_219" "sample_220" "sample_221"
[161] "sample_222" "sample_223" "sample_225" "sample_226" "sample_227"
[166] "sample_228" "sample_231" "sample_232" "sample_236" "sample_237"
[171] "sample_238" "sample_240" "sample_241" "sample_243" "sample_245"
[176] "sample_246" "sample_247" "sample_249" "sample_251" "sample_252"
[181] "sample_253" "sample_254" "sample_256" "sample_258" "sample_259"
[186] "sample_260" "sample_262" "sample_263" "sample_264" "sample_265"
[191] "sample_266" "sample_267" "sample_268" "sample_270" "sample_271"
[196] "sample_272" "sample_273" "sample_274" "sample_277" "sample_278"
[201] "sample_280" "sample_281" "sample_283" "sample_284" "sample_287"
[206] "sample_288" "sample_289" "sample_290" "sample_292" "sample_293"
[211] "sample_294" "sample_295" "sample_296" "sample_297" "sample_299"
[216] "sample_301" "sample_302" "sample_303" "sample_304" "sample_305"
[221] "sample_306" "sample_308" "sample_309" "sample_311" "sample_312"
[226] "sample_313" "sample_315" "sample_318" "sample_320" "sample_324"
[231] "sample_327" "sample_328" "sample_329" "sample_330" "sample_331"
[236] "sample_332" "sample_333" "sample_334" "sample_335" "sample_336"
[241] "sample_338" "sample_339" "sample_340" "sample_342" "sample_343"
[246] "sample_344" "sample_345" "sample_346" "sample_347" "sample_348"
[251] "sample_350" "sample_351" "sample_352" "sample_353" "sample_356"
[256] "sample_357" "sample_359" "sample_360" "sample_361" "sample_363"
[261] "sample_364" "sample_365" "sample_366" "sample_369" "sample_371"
[266] "sample_372" "sample_373" "sample_374" "sample_375" "sample_378"
[271] "sample_379" "sample_380" "sample_381" "sample_382" "sample_384"
[276] "sample_386" "sample_388" "sample_389" "sample_390" "sample_391"
[281] "sample_393" "sample_394" "sample_395" "sample_398" "sample_401"
[286] "sample_402" "sample_405" "sample_406" "sample_407" "sample_408"
[291] "sample_409" "sample_411" "sample_412" "sample_414" "sample_416"
[296] "sample_417" "sample_418" "sample_420" "sample_421" "sample_423"
[301] "sample_424" "sample_425" "sample_426" "sample_427" "sample_429"
[306] "sample_431" "sample_432" "sample_433" "sample_436" "sample_438"
[311] "sample_440" "sample_441" "sample_442" "sample_443" "sample_445"
[316] "sample_446" "sample_447" "sample_448" "sample_450" "sample_451"
[321] "sample_452" "sample_453" "sample_454" "sample_455" "sample_457"
[326] "sample_458" "sample_459" "sample_460" "sample_461" "sample_463"
[331] "sample_464" "sample_465" "sample_470" "sample_471" "sample_472"
[336] "sample_474" "sample_475" "sample_477" "sample_478" "sample_479"
[341] "sample_481" "sample_482" "sample_483" "sample_484" "sample_486"
[346] "sample_488" "sample_489" "sample_490" "sample_491" "sample_492"
[351] "sample_493" "sample_494" "sample_495" "sample_498" "sample_499"
[356] "sample_501" "sample_502" "sample_504" "sample_505" "sample_507"
[361] "sample_509" "sample_510" "sample_512" "sample_513" "sample_515"
[366] "sample_516" "sample_517" "sample_518" "sample_519" "sample_520"
[371] "sample_521" "sample_522" "sample_524" "sample_525" "sample_526"
[376] "sample_527" "sample_528" "sample_534" "sample_536" "sample_537"
[381] "sample_541" "sample_542" "sample_543" "sample_544" "sample_545"
[386] "sample_546" "sample_547" "sample_548" "sample_551" "sample_552"
[391] "sample_553" "sample_554" "sample_555" "sample_556" "sample_559"
[396] "sample_560" "sample_561" "sample_566" "sample_567" "sample_569"
[401] "sample_570" "sample_572" "sample_573" "sample_574" "sample_575"
[406] "sample_576" "sample_577" "sample_580" "sample_581" "sample_582"
[411] "sample_584" "sample_586" "sample_587" "sample_588" "sample_589"
[416] "sample_590" "sample_591" "sample_594" "sample_596"
[1] "0 samples in the covariate file are missing from the phenotype file:"
character(0)
[1] "177 samples in the phenotype file are missing from the covariate file:"
  [1] "sample_3"   "sample_6"   "sample_10"  "sample_11"  "sample_12" 
  [6] "sample_16"  "sample_17"  "sample_19"  "sample_21"  "sample_25" 
 [11] "sample_26"  "sample_27"  "sample_28"  "sample_29"  "sample_30" 
 [16] "sample_35"  "sample_36"  "sample_40"  "sample_48"  "sample_51" 
 [21] "sample_55"  "sample_63"  "sample_64"  "sample_65"  "sample_66" 
 [26] "sample_67"  "sample_68"  "sample_69"  "sample_74"  "sample_75" 
 [31] "sample_76"  "sample_77"  "sample_78"  "sample_79"  "sample_90" 
 [36] "sample_92"  "sample_94"  "sample_98"  "sample_101" "sample_103"
 [41] "sample_106" "sample_118" "sample_131" "sample_132" "sample_138"
 [46] "sample_145" "sample_149" "sample_152" "sample_155" "sample_168"
 [51] "sample_173" "sample_180" "sample_182" "sample_183" "sample_185"
 [56] "sample_186" "sample_197" "sample_204" "sample_205" "sample_209"
 [61] "sample_218" "sample_224" "sample_229" "sample_230" "sample_233"
 [66] "sample_234" "sample_235" "sample_239" "sample_242" "sample_244"
 [71] "sample_248" "sample_250" "sample_255" "sample_257" "sample_261"
 [76] "sample_269" "sample_275" "sample_276" "sample_279" "sample_282"
 [81] "sample_285" "sample_286" "sample_291" "sample_298" "sample_300"
 [86] "sample_307" "sample_310" "sample_314" "sample_316" "sample_317"
 [91] "sample_319" "sample_321" "sample_322" "sample_323" "sample_325"
 [96] "sample_326" "sample_337" "sample_341" "sample_349" "sample_354"
[101] "sample_355" "sample_358" "sample_362" "sample_367" "sample_368"
[106] "sample_370" "sample_376" "sample_377" "sample_383" "sample_385"
[111] "sample_387" "sample_392" "sample_396" "sample_397" "sample_399"
[116] "sample_400" "sample_403" "sample_404" "sample_410" "sample_413"
[121] "sample_415" "sample_419" "sample_422" "sample_428" "sample_430"
[126] "sample_434" "sample_435" "sample_437" "sample_439" "sample_444"
[131] "sample_449" "sample_456" "sample_462" "sample_466" "sample_467"
[136] "sample_468" "sample_469" "sample_473" "sample_476" "sample_480"
[141] "sample_485" "sample_487" "sample_496" "sample_497" "sample_500"
[146] "sample_503" "sample_506" "sample_508" "sample_511" "sample_514"
[151] "sample_523" "sample_529" "sample_530" "sample_531" "sample_532"
[156] "sample_533" "sample_535" "sample_538" "sample_539" "sample_540"
[161] "sample_549" "sample_550" "sample_557" "sample_558" "sample_562"
[166] "sample_563" "sample_564" "sample_565" "sample_568" "sample_571"
[171] "sample_578" "sample_579" "sample_583" "sample_585" "sample_592"
[176] "sample_593" "sample_595"
[1] "596 samples are in the phenotype file"
[1] "419 samples are in the covariate file"
[1] "419 samples overlap between phenotype & covariate files and are included in the analysis:"
  [1] "sample_1"   "sample_2"   "sample_4"   "sample_5"   "sample_7"  
  [6] "sample_8"   "sample_9"   "sample_13"  "sample_14"  "sample_15" 
 [11] "sample_18"  "sample_20"  "sample_22"  "sample_23"  "sample_24" 
 [16] "sample_31"  "sample_32"  "sample_33"  "sample_34"  "sample_37" 
 [21] "sample_38"  "sample_39"  "sample_41"  "sample_42"  "sample_43" 
 [26] "sample_44"  "sample_45"  "sample_46"  "sample_47"  "sample_49" 
 [31] "sample_50"  "sample_52"  "sample_53"  "sample_54"  "sample_56" 
 [36] "sample_57"  "sample_58"  "sample_59"  "sample_60"  "sample_61" 
 [41] "sample_62"  "sample_70"  "sample_71"  "sample_72"  "sample_73" 
 [46] "sample_80"  "sample_81"  "sample_82"  "sample_83"  "sample_84" 
 [51] "sample_85"  "sample_86"  "sample_87"  "sample_88"  "sample_89" 
 [56] "sample_91"  "sample_93"  "sample_95"  "sample_96"  "sample_97" 
 [61] "sample_99"  "sample_100" "sample_102" "sample_104" "sample_105"
 [66] "sample_107" "sample_108" "sample_109" "sample_110" "sample_111"
 [71] "sample_112" "sample_113" "sample_114" "sample_115" "sample_116"
 [76] "sample_117" "sample_119" "sample_120" "sample_121" "sample_122"
 [81] "sample_123" "sample_124" "sample_125" "sample_126" "sample_127"
 [86] "sample_128" "sample_129" "sample_130" "sample_133" "sample_134"
 [91] "sample_135" "sample_136" "sample_137" "sample_139" "sample_140"
 [96] "sample_141" "sample_142" "sample_143" "sample_144" "sample_146"
[101] "sample_147" "sample_148" "sample_150" "sample_151" "sample_153"
[106] "sample_154" "sample_156" "sample_157" "sample_158" "sample_159"
[111] "sample_160" "sample_161" "sample_162" "sample_163" "sample_164"
[116] "sample_165" "sample_166" "sample_167" "sample_169" "sample_170"
[121] "sample_171" "sample_172" "sample_174" "sample_175" "sample_176"
[126] "sample_177" "sample_178" "sample_179" "sample_181" "sample_184"
[131] "sample_187" "sample_188" "sample_189" "sample_190" "sample_191"
[136] "sample_192" "sample_193" "sample_194" "sample_195" "sample_196"
[141] "sample_198" "sample_199" "sample_200" "sample_201" "sample_202"
[146] "sample_203" "sample_206" "sample_207" "sample_208" "sample_210"
[151] "sample_211" "sample_212" "sample_213" "sample_214" "sample_215"
[156] "sample_216" "sample_217" "sample_219" "sample_220" "sample_221"
[161] "sample_222" "sample_223" "sample_225" "sample_226" "sample_227"
[166] "sample_228" "sample_231" "sample_232" "sample_236" "sample_237"
[171] "sample_238" "sample_240" "sample_241" "sample_243" "sample_245"
[176] "sample_246" "sample_247" "sample_249" "sample_251" "sample_252"
[181] "sample_253" "sample_254" "sample_256" "sample_258" "sample_259"
[186] "sample_260" "sample_262" "sample_263" "sample_264" "sample_265"
[191] "sample_266" "sample_267" "sample_268" "sample_270" "sample_271"
[196] "sample_272" "sample_273" "sample_274" "sample_277" "sample_278"
[201] "sample_280" "sample_281" "sample_283" "sample_284" "sample_287"
[206] "sample_288" "sample_289" "sample_290" "sample_292" "sample_293"
[211] "sample_294" "sample_295" "sample_296" "sample_297" "sample_299"
[216] "sample_301" "sample_302" "sample_303" "sample_304" "sample_305"
[221] "sample_306" "sample_308" "sample_309" "sample_311" "sample_312"
[226] "sample_313" "sample_315" "sample_318" "sample_320" "sample_324"
[231] "sample_327" "sample_328" "sample_329" "sample_330" "sample_331"
[236] "sample_332" "sample_333" "sample_334" "sample_335" "sample_336"
[241] "sample_338" "sample_339" "sample_340" "sample_342" "sample_343"
[246] "sample_344" "sample_345" "sample_346" "sample_347" "sample_348"
[251] "sample_350" "sample_351" "sample_352" "sample_353" "sample_356"
[256] "sample_357" "sample_359" "sample_360" "sample_361" "sample_363"
[261] "sample_364" "sample_365" "sample_366" "sample_369" "sample_371"
[266] "sample_372" "sample_373" "sample_374" "sample_375" "sample_378"
[271] "sample_379" "sample_380" "sample_381" "sample_382" "sample_384"
[276] "sample_386" "sample_388" "sample_389" "sample_390" "sample_391"
[281] "sample_393" "sample_394" "sample_395" "sample_398" "sample_401"
[286] "sample_402" "sample_405" "sample_406" "sample_407" "sample_408"
[291] "sample_409" "sample_411" "sample_412" "sample_414" "sample_416"
[296] "sample_417" "sample_418" "sample_420" "sample_421" "sample_423"
[301] "sample_424" "sample_425" "sample_426" "sample_427" "sample_429"
[306] "sample_431" "sample_432" "sample_433" "sample_436" "sample_438"
[311] "sample_440" "sample_441" "sample_442" "sample_443" "sample_445"
[316] "sample_446" "sample_447" "sample_448" "sample_450" "sample_451"
[321] "sample_452" "sample_453" "sample_454" "sample_455" "sample_457"
[326] "sample_458" "sample_459" "sample_460" "sample_461" "sample_463"
[331] "sample_464" "sample_465" "sample_470" "sample_471" "sample_472"
[336] "sample_474" "sample_475" "sample_477" "sample_478" "sample_479"
[341] "sample_481" "sample_482" "sample_483" "sample_484" "sample_486"
[346] "sample_488" "sample_489" "sample_490" "sample_491" "sample_492"
[351] "sample_493" "sample_494" "sample_495" "sample_498" "sample_499"
[356] "sample_501" "sample_502" "sample_504" "sample_505" "sample_507"
[361] "sample_509" "sample_510" "sample_512" "sample_513" "sample_515"
[366] "sample_516" "sample_517" "sample_518" "sample_519" "sample_520"
[371] "sample_521" "sample_522" "sample_524" "sample_525" "sample_526"
[376] "sample_527" "sample_528" "sample_534" "sample_536" "sample_537"
[381] "sample_541" "sample_542" "sample_543" "sample_544" "sample_545"
[386] "sample_546" "sample_547" "sample_548" "sample_551" "sample_552"
[391] "sample_553" "sample_554" "sample_555" "sample_556" "sample_559"
[396] "sample_560" "sample_561" "sample_566" "sample_567" "sample_569"
[401] "sample_570" "sample_572" "sample_573" "sample_574" "sample_575"
[406] "sample_576" "sample_577" "sample_580" "sample_581" "sample_582"
[411] "sample_584" "sample_586" "sample_587" "sample_588" "sample_589"
[416] "sample_590" "sample_591" "sample_594" "sample_596"
[1] "0 samples in the covariate file are missing from the phenotype file:"
character(0)
[1] "177 samples in the phenotype file are missing from the covariate file:"
  [1] "sample_3"   "sample_6"   "sample_10"  "sample_11"  "sample_12" 
  [6] "sample_16"  "sample_17"  "sample_19"  "sample_21"  "sample_25" 
 [11] "sample_26"  "sample_27"  "sample_28"  "sample_29"  "sample_30" 
 [16] "sample_35"  "sample_36"  "sample_40"  "sample_48"  "sample_51" 
 [21] "sample_55"  "sample_63"  "sample_64"  "sample_65"  "sample_66" 
 [26] "sample_67"  "sample_68"  "sample_69"  "sample_74"  "sample_75" 
 [31] "sample_76"  "sample_77"  "sample_78"  "sample_79"  "sample_90" 
 [36] "sample_92"  "sample_94"  "sample_98"  "sample_101" "sample_103"
 [41] "sample_106" "sample_118" "sample_131" "sample_132" "sample_138"
 [46] "sample_145" "sample_149" "sample_152" "sample_155" "sample_168"
 [51] "sample_173" "sample_180" "sample_182" "sample_183" "sample_185"
 [56] "sample_186" "sample_197" "sample_204" "sample_205" "sample_209"
 [61] "sample_218" "sample_224" "sample_229" "sample_230" "sample_233"
 [66] "sample_234" "sample_235" "sample_239" "sample_242" "sample_244"
 [71] "sample_248" "sample_250" "sample_255" "sample_257" "sample_261"
 [76] "sample_269" "sample_275" "sample_276" "sample_279" "sample_282"
 [81] "sample_285" "sample_286" "sample_291" "sample_298" "sample_300"
 [86] "sample_307" "sample_310" "sample_314" "sample_316" "sample_317"
 [91] "sample_319" "sample_321" "sample_322" "sample_323" "sample_325"
 [96] "sample_326" "sample_337" "sample_341" "sample_349" "sample_354"
[101] "sample_355" "sample_358" "sample_362" "sample_367" "sample_368"
[106] "sample_370" "sample_376" "sample_377" "sample_383" "sample_385"
[111] "sample_387" "sample_392" "sample_396" "sample_397" "sample_399"
[116] "sample_400" "sample_403" "sample_404" "sample_410" "sample_413"
[121] "sample_415" "sample_419" "sample_422" "sample_428" "sample_430"
[126] "sample_434" "sample_435" "sample_437" "sample_439" "sample_444"
[131] "sample_449" "sample_456" "sample_462" "sample_466" "sample_467"
[136] "sample_468" "sample_469" "sample_473" "sample_476" "sample_480"
[141] "sample_485" "sample_487" "sample_496" "sample_497" "sample_500"
[146] "sample_503" "sample_506" "sample_508" "sample_511" "sample_514"
[151] "sample_523" "sample_529" "sample_530" "sample_531" "sample_532"
[156] "sample_533" "sample_535" "sample_538" "sample_539" "sample_540"
[161] "sample_549" "sample_550" "sample_557" "sample_558" "sample_562"
[166] "sample_563" "sample_564" "sample_565" "sample_568" "sample_571"
[171] "sample_578" "sample_579" "sample_583" "sample_585" "sample_592"
[176] "sample_593" "sample_595"
