[1] "1116 samples are in the covariate file"
[1] "420 samples are in the PCA file"
[1] "419 samples overlap between covariate & PCA files and are included in the analysis:"
  [1] "sample_384" "sample_339" "sample_86"  "sample_53"  "sample_393"
  [6] "sample_555" "sample_414" "sample_38"  "sample_501" "sample_324"
 [11] "sample_177" "sample_161" "sample_561" "sample_373" "sample_47" 
 [16] "sample_228" "sample_91"  "sample_259" "sample_33"  "sample_135"
 [21] "sample_216" "sample_4"   "sample_56"  "sample_451" "sample_446"
 [26] "sample_436" "sample_223" "sample_9"   "sample_432" "sample_492"
 [31] "sample_188" "sample_7"   "sample_489" "sample_328" "sample_336"
 [36] "sample_545" "sample_442" "sample_388" "sample_193" "sample_420"
 [41] "sample_338" "sample_431" "sample_519" "sample_13"  "sample_54" 
 [46] "sample_231" "sample_58"  "sample_516" "sample_381" "sample_8"  
 [51] "sample_296" "sample_330" "sample_240" "sample_2"   "sample_238"
 [56] "sample_129" "sample_343" "sample_153" "sample_14"  "sample_243"
 [61] "sample_470" "sample_176" "sample_498" "sample_405" "sample_104"
 [66] "sample_402" "sample_559" "sample_390" "sample_454" "sample_504"
 [71] "sample_546" "sample_174" "sample_490" "sample_157" "sample_551"
 [76] "sample_89"  "sample_34"  "sample_294" "sample_166" "sample_164"
 [81] "sample_594" "sample_395" "sample_596" "sample_113" "sample_245"
 [86] "sample_525" "sample_507" "sample_211" "sample_313" "sample_526"
 [91] "sample_427" "sample_461" "sample_39"  "sample_262" "sample_327"
 [96] "sample_465" "sample_87"  "sample_124" "sample_95"  "sample_264"
[101] "sample_190" "sample_222" "sample_198" "sample_156" "sample_361"
[106] "sample_1"   "sample_537" "sample_112" "sample_483" "sample_460"
[111] "sample_515" "sample_252" "sample_416" "sample_192" "sample_509"
[116] "sample_274" "sample_100" "sample_253" "sample_398" "sample_311"
[121] "sample_122" "sample_169" "sample_206" "sample_93"  "sample_542"
[126] "sample_364" "sample_61"  "sample_475" "sample_18"  "sample_332"
[131] "sample_350" "sample_158" "sample_241" "sample_73"  "sample_130"
[136] "sample_308" "sample_528" "sample_80"  "sample_215" "sample_554"
[141] "sample_179" "sample_417" "sample_452" "sample_441" "sample_455"
[146] "sample_495" "sample_301" "sample_272" "sample_170" "sample_125"
[151] "sample_320" "sample_588" "sample_576" "sample_445" "sample_447"
[156] "sample_486" "sample_114" "sample_482" "sample_96"  "sample_418"
[161] "sample_521" "sample_293" "sample_566" "sample_512" "sample_273"
[166] "sample_128" "sample_220" "sample_212" "sample_24"  "sample_72" 
[171] "sample_249" "sample_123" "sample_581" "sample_315" "sample_548"
[176] "sample_527" "sample_375" "sample_83"  "sample_201" "sample_505"
[181] "sample_236" "sample_421" "sample_463" "sample_237" "sample_484"
[186] "sample_151" "sample_522" "sample_412" "sample_464" "sample_141"
[191] "sample_116" "sample_184" "sample_202" "sample_258" "sample_146"
[196] "sample_163" "sample_82"  "sample_247" "sample_340" "sample_374"
[201] "sample_265" "sample_210" "sample_171" "sample_329" "sample_411"
[206] "sample_458" "sample_226" "sample_191" "sample_424" "sample_126"
[211] "sample_295" "sample_567" "sample_22"  "sample_391" "sample_305"
[216] "sample_304" "sample_517" "sample_477" "sample_382" "sample_394"
[221] "sample_429" "sample_208" "sample_84"  "sample_284" "sample_221"
[226] "sample_572" "sample_144" "sample_159" "sample_59"  "sample_148"
[231] "sample_591" "sample_345" "sample_297" "sample_344" "sample_23" 
[236] "sample_333" "sample_577" "sample_453" "sample_303" "sample_369"
[241] "sample_352" "sample_472" "sample_97"  "sample_347" "sample_379"
[246] "sample_302" "sample_584" "sample_459" "sample_227" "sample_99" 
[251] "sample_115" "sample_365" "sample_409" "sample_187" "sample_219"
[256] "sample_102" "sample_140" "sample_85"  "sample_502" "sample_450"
[261] "sample_312" "sample_37"  "sample_353" "sample_406" "sample_357"
[266] "sample_541" "sample_225" "sample_127" "sample_46"  "sample_471"
[271] "sample_334" "sample_481" "sample_167" "sample_573" "sample_494"
[276] "sample_280" "sample_133" "sample_534" "sample_194" "sample_552"
[281] "sample_199" "sample_267" "sample_150" "sample_143" "sample_42" 
[286] "sample_111" "sample_165" "sample_372" "sample_120" "sample_49" 
[291] "sample_119" "sample_346" "sample_493" "sample_474" "sample_278"
[296] "sample_378" "sample_81"  "sample_580" "sample_589" "sample_440"
[301] "sample_147" "sample_510" "sample_371" "sample_136" "sample_50" 
[306] "sample_448" "sample_178" "sample_575" "sample_110" "sample_200"
[311] "sample_288" "sample_108" "sample_175" "sample_217" "sample_277"
[316] "sample_360" "sample_491" "sample_513" "sample_287" "sample_232"
[321] "sample_479" "sample_457" "sample_386" "sample_43"  "sample_342"
[326] "sample_356" "sample_134" "sample_289" "sample_408" "sample_520"
[331] "sample_256" "sample_52"  "sample_426" "sample_154" "sample_366"
[336] "sample_62"  "sample_207" "sample_569" "sample_117" "sample_142"
[341] "sample_438" "sample_425" "sample_70"  "sample_160" "sample_213"
[346] "sample_246" "sample_137" "sample_306" "sample_105" "sample_281"
[351] "sample_60"  "sample_309" "sample_107" "sample_139" "sample_401"
[356] "sample_389" "sample_292" "sample_582" "sample_348" "sample_162"
[361] "sample_544" "sample_488" "sample_499" "sample_57"  "sample_351"
[366] "sample_88"  "sample_260" "sample_560" "sample_195" "sample_335"
[371] "sample_536" "sample_41"  "sample_543" "sample_270" "sample_524"
[376] "sample_45"  "sample_380" "sample_586" "sample_570" "sample_547"
[381] "sample_478" "sample_172" "sample_290" "sample_407" "sample_433"
[386] "sample_189" "sample_443" "sample_181" "sample_283" "sample_271"
[391] "sample_266" "sample_203" "sample_109" "sample_268" "sample_331"
[396] "sample_15"  "sample_423" "sample_214" "sample_121" "sample_590"
[401] "sample_251" "sample_44"  "sample_5"   "sample_574" "sample_518"
[406] "sample_196" "sample_363" "sample_20"  "sample_32"  "sample_587"
[411] "sample_556" "sample_254" "sample_318" "sample_31"  "sample_299"
[416] "sample_263" "sample_553" "sample_359" "sample_71" 
[1] "697 samples in the covariate file are missing from the PCA file:"
  [1] "sample_597"  "sample_598"  "sample_599"  "sample_600"  "sample_601" 
  [6] "sample_602"  "sample_603"  "sample_250"  "sample_604"  "sample_605" 
 [11] "sample_606"  "sample_607"  "sample_608"  "sample_609"  "sample_610" 
 [16] "sample_611"  "sample_612"  "sample_613"  "sample_614"  "sample_615" 
 [21] "sample_616"  "sample_617"  "sample_618"  "sample_337"  "sample_619" 
 [26] "sample_620"  "sample_621"  "sample_622"  "sample_623"  "sample_624" 
 [31] "sample_625"  "sample_626"  "sample_627"  "sample_628"  "sample_92"  
 [36] "sample_629"  "sample_630"  "sample_173"  "sample_631"  "sample_632" 
 [41] "sample_633"  "sample_634"  "sample_635"  "sample_636"  "sample_637" 
 [46] "sample_638"  "sample_639"  "sample_640"  "sample_641"  "sample_642" 
 [51] "sample_152"  "sample_643"  "sample_644"  "sample_645"  "sample_646" 
 [56] "sample_647"  "sample_648"  "sample_358"  "sample_649"  "sample_650" 
 [61] "sample_651"  "sample_652"  "sample_653"  "sample_654"  "sample_655" 
 [66] "sample_656"  "sample_657"  "sample_658"  "sample_659"  "sample_660" 
 [71] "sample_661"  "sample_662"  "sample_663"  "sample_664"  "sample_665" 
 [76] "sample_94"   "sample_666"  "sample_667"  "sample_668"  "sample_669" 
 [81] "sample_63"   "sample_670"  "sample_671"  "sample_672"  "sample_673" 
 [86] "sample_674"  "sample_675"  "sample_676"  "sample_677"  "sample_678" 
 [91] "sample_679"  "sample_680"  "sample_681"  "sample_682"  "sample_683" 
 [96] "sample_684"  "sample_685"  "sample_686"  "sample_234"  "sample_687" 
[101] "sample_688"  "sample_689"  "sample_690"  "sample_691"  "sample_692" 
[106] "sample_693"  "sample_694"  "sample_695"  "sample_696"  "sample_697" 
[111] "sample_698"  "sample_699"  "sample_700"  "sample_701"  "sample_702" 
[116] "sample_703"  "sample_704"  "sample_705"  "sample_706"  "sample_707" 
[121] "sample_708"  "sample_709"  "sample_710"  "sample_711"  "sample_712" 
[126] "sample_713"  "sample_714"  "sample_715"  "sample_716"  "sample_717" 
[131] "sample_718"  "sample_719"  "sample_720"  "sample_721"  "sample_722" 
[136] "sample_723"  "sample_724"  "sample_725"  "sample_726"  "sample_727" 
[141] "sample_728"  "sample_729"  "sample_730"  "sample_731"  "sample_732" 
[146] "sample_733"  "sample_734"  "sample_735"  "sample_736"  "sample_737" 
[151] "sample_738"  "sample_739"  "sample_740"  "sample_741"  "sample_742" 
[156] "sample_743"  "sample_744"  "sample_745"  "sample_415"  "sample_746" 
[161] "sample_747"  "sample_748"  "sample_749"  "sample_750"  "sample_751" 
[166] "sample_752"  "sample_753"  "sample_754"  "sample_755"  "sample_756" 
[171] "sample_757"  "sample_758"  "sample_759"  "sample_760"  "sample_761" 
[176] "sample_762"  "sample_763"  "sample_764"  "sample_765"  "sample_766" 
[181] "sample_767"  "sample_768"  "sample_769"  "sample_770"  "sample_771" 
[186] "sample_772"  "sample_773"  "sample_774"  "sample_775"  "sample_776" 
[191] "sample_777"  "sample_778"  "sample_779"  "sample_780"  "sample_781" 
[196] "sample_523"  "sample_782"  "sample_783"  "sample_784"  "sample_785" 
[201] "sample_430"  "sample_786"  "sample_787"  "sample_788"  "sample_789" 
[206] "sample_790"  "sample_791"  "sample_792"  "sample_793"  "sample_794" 
[211] "sample_795"  "sample_796"  "sample_797"  "sample_798"  "sample_799" 
[216] "sample_800"  "sample_801"  "sample_802"  "sample_803"  "sample_804" 
[221] "sample_805"  "sample_806"  "sample_807"  "sample_197"  "sample_808" 
[226] "sample_809"  "sample_810"  "sample_811"  "sample_812"  "sample_813" 
[231] "sample_814"  "sample_815"  "sample_816"  "sample_817"  "sample_818" 
[236] "sample_819"  "sample_820"  "sample_821"  "sample_25"   "sample_822" 
[241] "sample_823"  "sample_824"  "sample_825"  "sample_826"  "sample_827" 
[246] "sample_828"  "sample_468"  "sample_829"  "sample_830"  "sample_831" 
[251] "sample_832"  "sample_833"  "sample_834"  "sample_138"  "sample_835" 
[256] "sample_836"  "sample_837"  "sample_838"  "sample_593"  "sample_103" 
[261] "sample_230"  "sample_839"  "sample_840"  "sample_841"  "sample_842" 
[266] "sample_843"  "sample_844"  "sample_845"  "sample_846"  "sample_847" 
[271] "sample_848"  "sample_849"  "sample_850"  "sample_851"  "sample_852" 
[276] "sample_853"  "sample_854"  "sample_855"  "sample_856"  "sample_857" 
[281] "sample_858"  "sample_859"  "sample_860"  "sample_861"  "sample_862" 
[286] "sample_863"  "sample_864"  "sample_865"  "sample_866"  "sample_867" 
[291] "sample_868"  "sample_869"  "sample_870"  "sample_871"  "sample_872" 
[296] "sample_873"  "sample_874"  "sample_875"  "sample_876"  "sample_877" 
[301] "sample_878"  "sample_879"  "sample_880"  "sample_881"  "sample_882" 
[306] "sample_883"  "sample_884"  "sample_885"  "sample_886"  "sample_887" 
[311] "sample_888"  "sample_889"  "sample_890"  "sample_891"  "sample_892" 
[316] "sample_893"  "sample_579"  "sample_894"  "sample_895"  "sample_896" 
[321] "sample_897"  "sample_898"  "sample_899"  "sample_900"  "sample_901" 
[326] "sample_902"  "sample_903"  "sample_904"  "sample_905"  "sample_906" 
[331] "sample_907"  "sample_908"  "sample_909"  "sample_480"  "sample_910" 
[336] "sample_911"  "sample_77"   "sample_67"   "sample_912"  "sample_913" 
[341] "sample_914"  "sample_915"  "sample_916"  "sample_132"  "sample_6"   
[346] "sample_224"  "sample_917"  "sample_918"  "sample_919"  "sample_473" 
[351] "sample_920"  "sample_155"  "sample_921"  "sample_279"  "sample_922" 
[356] "sample_923"  "sample_924"  "sample_19"   "sample_925"  "sample_926" 
[361] "sample_927"  "sample_928"  "sample_929"  "sample_930"  "sample_931" 
[366] "sample_932"  "sample_933"  "sample_319"  "sample_934"  "sample_935" 
[371] "sample_936"  "sample_937"  "sample_938"  "sample_939"  "sample_940" 
[376] "sample_941"  "sample_942"  "sample_943"  "sample_944"  "sample_945" 
[381] "sample_946"  "sample_947"  "sample_948"  "sample_949"  "sample_950" 
[386] "sample_183"  "sample_951"  "sample_952"  "sample_953"  "sample_954" 
[391] "sample_955"  "sample_419"  "sample_956"  "sample_957"  "sample_958" 
[396] "sample_79"   "sample_310"  "sample_959"  "sample_960"  "sample_961" 
[401] "sample_275"  "sample_557"  "sample_962"  "sample_963"  "sample_964" 
[406] "sample_965"  "sample_966"  "sample_967"  "sample_968"  "sample_180" 
[411] "sample_422"  "sample_969"  "sample_970"  "sample_462"  "sample_971" 
[416] "sample_506"  "sample_972"  "sample_973"  "sample_286"  "sample_428" 
[421] "sample_974"  "sample_975"  "sample_976"  "sample_977"  "sample_978" 
[426] "sample_529"  "sample_403"  "sample_444"  "sample_487"  "sample_533" 
[431] "sample_979"  "sample_3"    "sample_980"  "sample_981"  "sample_982" 
[436] "sample_983"  "sample_984"  "sample_985"  "sample_986"  "sample_987" 
[441] "sample_988"  "sample_989"  "sample_990"  "sample_991"  "sample_992" 
[446] "sample_993"  "sample_994"  "sample_995"  "sample_996"  "sample_997" 
[451] "sample_998"  "sample_999"  "sample_1000" "sample_1001" "sample_1002"
[456] "sample_1003" "sample_1004" "sample_1005" "sample_1006" "sample_1007"
[461] "sample_1008" "sample_1009" "sample_1010" "sample_1011" "sample_1012"
[466] "sample_1013" "sample_1014" "sample_362"  "sample_1015" "sample_514" 
[471] "sample_503"  "sample_1016" "sample_535"  "sample_1017" "sample_1018"
[476] "sample_1019" "sample_456"  "sample_1020" "sample_1021" "sample_1022"
[481] "sample_1023" "sample_16"   "sample_1024" "sample_1025" "sample_1026"
[486] "sample_1027" "sample_592"  "sample_118"  "sample_1028" "sample_1029"
[491] "sample_1030" "sample_1031" "sample_1032" "sample_1033" "sample_1034"
[496] "sample_1035" "sample_1036" "sample_1037" "sample_1038" "sample_1039"
[501] "sample_1040" "sample_1041" "sample_1042" "sample_1043" "sample_1044"
[506] "sample_1045" "sample_1046" "sample_1047" "sample_1048" "sample_1049"
[511] "sample_1050" "sample_1051" "sample_1052" "sample_1053" "sample_1054"
[516] "sample_1055" "sample_1056" "sample_1057" "sample_1058" "sample_1059"
[521] "sample_1060" "sample_1061" "sample_1062" "sample_1063" "sample_1064"
[526] "sample_1065" "sample_1066" "sample_1067" "sample_1068" "sample_1069"
[531] "sample_1070" "sample_1071" "sample_1072" "sample_1073" "sample_1074"
[536] "sample_1075" "sample_1076" "sample_1077" "sample_1078" "sample_1079"
[541] "sample_1080" "sample_1081" "sample_1082" "sample_1083" "sample_1084"
[546] "sample_1085" "sample_1086" "sample_149"  "sample_1087" "sample_1088"
[551] "sample_1089" "sample_1090" "sample_1091" "sample_1092" "sample_1093"
[556] "sample_1094" "sample_1095" "sample_1096" "sample_1097" "sample_1098"
[561] "sample_1099" "sample_1100" "sample_1101" "sample_1102" "sample_1103"
[566] "sample_1104" "sample_1105" "sample_1106" "sample_1107" "sample_1108"
[571] "sample_1109" "sample_1110" "sample_1111" "sample_1112" "sample_1113"
[576] "sample_1114" "sample_1115" "sample_1116" "sample_1117" "sample_1118"
[581] "sample_1119" "sample_1120" "sample_1121" "sample_1122" "sample_1123"
[586] "sample_1124" "sample_1125" "sample_1126" "sample_1127" "sample_1128"
[591] "sample_1129" "sample_1130" "sample_1131" "sample_1132" "sample_1133"
[596] "sample_1134" "sample_1135" "sample_1136" "sample_1137" "sample_1138"
[601] "sample_69"   "sample_1139" "sample_1140" "sample_1141" "sample_1142"
[606] "sample_1143" "sample_1144" "sample_1145" "sample_1146" "sample_1147"
[611] "sample_1148" "sample_1149" "sample_1150" "sample_1151" "sample_1152"
[616] "sample_1153" "sample_1154" "sample_1155" "sample_1156" "sample_1157"
[621] "sample_1158" "sample_1159" "sample_1160" "sample_1161" "sample_1162"
[626] "sample_1163" "sample_1164" "sample_1165" "sample_1166" "sample_1167"
[631] "sample_1168" "sample_1169" "sample_1170" "sample_1171" "sample_1172"
[636] "sample_1173" "sample_1174" "sample_1175" "sample_1176" "sample_1177"
[641] "sample_1178" "sample_1179" "sample_1180" "sample_1181" "sample_1182"
[646] "sample_1183" "sample_1184" "sample_1185" "sample_1186" "sample_1187"
[651] "sample_1188" "sample_1189" "sample_1190" "sample_1191" "sample_1192"
[656] "sample_1193" "sample_1194" "sample_1195" "sample_1196" "sample_1197"
[661] "sample_1198" "sample_1199" "sample_1200" "sample_1201" "sample_1202"
[666] "sample_1203" "sample_1204" "sample_1205" "sample_1206" "sample_1207"
[671] "sample_1208" "sample_1209" "sample_1210" "sample_1211" "sample_1212"
[676] "sample_1213" "sample_1214" "sample_1215" "sample_1216" "sample_1217"
[681] "sample_1218" "sample_1219" "sample_1220" "sample_1221" "sample_1222"
[686] "sample_1223" "sample_1224" "sample_1225" "sample_1226" "sample_1227"
[691] "sample_1228" "sample_1229" "sample_1230" "sample_1231" "sample_1232"
[696] "sample_1233" "sample_1234"
[1] "0 samples in the PCA file are missing from the covariate file:"
character(0)
output_info: /home/gw/GIT/github/fungen-xqtl-analysis/analysis/Wang_Columbia/ROSMAP/MWE/output/covariate/protocol_example.samples.protocol_example.genotype.chr21_22.pQTL.plink_qc.prune.pca.gz 
output_size: 61K
output_rows: 19
output_column: 420
output_preview:
#id	sample_384	sample_339	sample_86	sample_53	sample_393
age	88	89	81	92	77
sex	1	0	0	1	1
pmi	9	6.75	5.75	6.866666667	8.033333333
PC1	-0.098751979290129	-0.04487862425672476	0.09543589783784634	-0.06825415260668545	0.09198242495537447
PC2	-0.0145461919500317	-0.1148822662826594	0.11793469524316359	-0.04407525499951842	0.008424369478316865
PC3	0.021144423525865	0.004946029289536777	-0.07551511279959047	-0.046325781384623406	-0.034161192413167854
PC4	0.01601984797828902	-0.09894266585827026	0.006810116567047734	0.012978706877555007	0.03538653134187655
PC5	0.013512151293946192	-0.027606645495980263	0.07130275276372164	0.04200274855420204	0.047078798806958366
PC6	-0.049831310447677246	-0.0341429197677773	-0.10040161484293662	-0.06819447575530281	-0.11409844287310807
